<?xml version="1.0" encoding="UTF-8"?>
<!-- Generated by org.testng.reporters.JUnitXMLReporter -->
<testsuite hostname="HIBACL131408" ignored="0" name="test-1" tests="1" failures="0" timestamp="07 May 2021 07:55:32 GMT" time="12.275" errors="0">
  <testcase name="loginTest" time="5.142" classname="come.guru.test.GuruLoginTest"/>
</testsuite> <!-- test-1 -->
