<?xml version="1.0" encoding="UTF-8"?>
<!-- Generated by org.testng.reporters.JUnitReportReporter -->
<testsuite name="come.guru.test.GuruLoginTest" tests="1" time="6.001" ignored="0" failures="0" timestamp="07 May 2021 07:55:32 GMT" skipped="0" hostname="HIBACL131408" errors="0">
  <testcase name="loginTest" time="6.001" classname="come.guru.test.GuruLoginTest"/>
</testsuite> <!-- come.guru.test.GuruLoginTest -->
